The target system is: Generic - 1 - 
The host system is: Linux - 5.4.0-58-generic - x86_64
Compiling the C compiler identification source file "CMakeCCompilerId.c" succeeded.
Compiler: /usr/bin/arm-none-eabi-gcc 
Build flags: 
Id flags: -c 

The output was:
0


Compilation of the C compiler identification source "CMakeCCompilerId.c" produced "CMakeCCompilerId.o"

The C compiler identification is GNU, found in "/home/kalibri/STM32/projects/SnakeGame/cmake-build-debug/CMakeFiles/3.17.3/CompilerIdC/CMakeCCompilerId.o"

Compiling the CXX compiler identification source file "CMakeCXXCompilerId.cpp" succeeded.
Compiler: /usr/bin/arm-none-eabi-g++ 
Build flags: 
Id flags: -c 

The output was:
0


Compilation of the CXX compiler identification source "CMakeCXXCompilerId.cpp" produced "CMakeCXXCompilerId.o"

The CXX compiler identification is GNU, found in "/home/kalibri/STM32/projects/SnakeGame/cmake-build-debug/CMakeFiles/3.17.3/CompilerIdCXX/CMakeCXXCompilerId.o"

Checking whether the ASM compiler is GNU using "--version" matched "(GNU assembler)|(GCC)|(Free Software Foundation)":
arm-none-eabi-gcc (GNU Tools for Arm Embedded Processors 7-2018-q3-update) 7.3.1 20180622 (release) [ARM/embedded-7-branch revision 261907]
Copyright (C) 2017 Free Software Foundation, Inc.
This is free software; see the source for copying conditions.  There is NO
warranty; not even for MERCHANTABILITY or FITNESS FOR A PARTICULAR PURPOSE.

Determining if the C compiler works passed with the following output:
Change Dir: /home/kalibri/STM32/projects/SnakeGame/cmake-build-debug/CMakeFiles/CMakeTmp

Run Build Command(s):/usr/bin/make cmTC_9cf14/fast && /usr/bin/make  -f CMakeFiles/cmTC_9cf14.dir/build.make CMakeFiles/cmTC_9cf14.dir/build
make[1]: вход в каталог «/home/kalibri/STM32/projects/SnakeGame/cmake-build-debug/CMakeFiles/CMakeTmp»
Building C object CMakeFiles/cmTC_9cf14.dir/testCCompiler.c.obj
/usr/bin/arm-none-eabi-gcc    -o CMakeFiles/cmTC_9cf14.dir/testCCompiler.c.obj   -c /home/kalibri/STM32/projects/SnakeGame/cmake-build-debug/CMakeFiles/CMakeTmp/testCCompiler.c
Linking C static library libcmTC_9cf14.a
/snap/clion/137/bin/cmake/linux/bin/cmake -P CMakeFiles/cmTC_9cf14.dir/cmake_clean_target.cmake
/snap/clion/137/bin/cmake/linux/bin/cmake -E cmake_link_script CMakeFiles/cmTC_9cf14.dir/link.txt --verbose=1
arm-none-eabi-ar qc libcmTC_9cf14.a  CMakeFiles/cmTC_9cf14.dir/testCCompiler.c.obj
/usr/bin/arm-none-eabi-ranlib libcmTC_9cf14.a
make[1]: выход из каталога «/home/kalibri/STM32/projects/SnakeGame/cmake-build-debug/CMakeFiles/CMakeTmp»



Detecting C compiler ABI info compiled with the following output:
Change Dir: /home/kalibri/STM32/projects/SnakeGame/cmake-build-debug/CMakeFiles/CMakeTmp

Run Build Command(s):/usr/bin/make cmTC_ff909/fast && /usr/bin/make  -f CMakeFiles/cmTC_ff909.dir/build.make CMakeFiles/cmTC_ff909.dir/build
make[1]: Entering directory '/home/kalibri/STM32/projects/SnakeGame/cmake-build-debug/CMakeFiles/CMakeTmp'
Building C object CMakeFiles/cmTC_ff909.dir/CMakeCCompilerABI.c.obj
/usr/bin/arm-none-eabi-gcc   -v -o CMakeFiles/cmTC_ff909.dir/CMakeCCompilerABI.c.obj   -c /snap/clion/137/bin/cmake/linux/share/cmake-3.17/Modules/CMakeCCompilerABI.c
Using built-in specs.
COLLECT_GCC=/usr/bin/arm-none-eabi-gcc
Target: arm-none-eabi
Configured with: /build/gcc-arm-none-eabi-2DWmz3/gcc-arm-none-eabi-7-2018q2/src/gcc/configure --target=arm-none-eabi --prefix=/build/gcc-arm-none-eabi-2DWmz3/gcc-arm-none-eabi-7-2018q2/install-native --libexecdir=/build/gcc-arm-none-eabi-2DWmz3/gcc-arm-none-eabi-7-2018q2/install-native/lib --infodir=/build/gcc-arm-none-eabi-2DWmz3/gcc-arm-none-eabi-7-2018q2/install-native/share/doc/gcc-arm-none-eabi/info --mandir=/build/gcc-arm-none-eabi-2DWmz3/gcc-arm-none-eabi-7-2018q2/install-native/share/doc/gcc-arm-none-eabi/man --htmldir=/build/gcc-arm-none-eabi-2DWmz3/gcc-arm-none-eabi-7-2018q2/install-native/share/doc/gcc-arm-none-eabi/html --pdfdir=/build/gcc-arm-none-eabi-2DWmz3/gcc-arm-none-eabi-7-2018q2/install-native/share/doc/gcc-arm-none-eabi/pdf --enable-languages=c,c++ --enable-plugins --disable-decimal-float --disable-libffi --disable-libgomp --disable-libmudflap --disable-libquadmath --disable-libssp --disable-libstdcxx-pch --disable-nls --disable-shared --disable-threads --disable-tls --with-gnu-as --with-gnu-ld --with-newlib --with-headers=yes --with-python-dir=share/gcc-arm-none-eabi --with-sysroot=/build/gcc-arm-none-eabi-2DWmz3/gcc-arm-none-eabi-7-2018q2/install-native/arm-none-eabi --with-host-libstdcxx='-static-libgcc -Wl,-Bstatic,-lstdc++,-Bdynamic -lm' --with-pkgversion='GNU Tools for Arm Embedded Processors 7-2018-q3-update' --with-multilib-list=rmprofile
Thread model: single
gcc version 7.3.1 20180622 (release) [ARM/embedded-7-branch revision 261907] (GNU Tools for Arm Embedded Processors 7-2018-q3-update) 
COLLECT_GCC_OPTIONS='-v' '-o' 'CMakeFiles/cmTC_ff909.dir/CMakeCCompilerABI.c.obj' '-c'
 /usr/bin/../lib/gcc/arm-none-eabi/7.3.1/cc1 -quiet -v -iprefix /usr/bin/../lib/gcc/arm-none-eabi/7.3.1/ -isysroot /usr/bin/../arm-none-eabi -D__USES_INITFINI__ /snap/clion/137/bin/cmake/linux/share/cmake-3.17/Modules/CMakeCCompilerABI.c -quiet -dumpbase CMakeCCompilerABI.c -auxbase-strip CMakeFiles/cmTC_ff909.dir/CMakeCCompilerABI.c.obj -version -o /tmp/ccAK2HMa.s
GNU C11 (GNU Tools for Arm Embedded Processors 7-2018-q3-update) version 7.3.1 20180622 (release) [ARM/embedded-7-branch revision 261907] (arm-none-eabi)
	compiled by GNU C version 7.3.0, GMP version 6.1.2, MPFR version 4.0.1, MPC version 1.1.0, isl version isl-0.18-GMP

GGC heuristics: --param ggc-min-expand=100 --param ggc-min-heapsize=131072
ignoring duplicate directory "/usr/bin/../lib/gcc/../../lib/gcc/arm-none-eabi/7.3.1/include"
ignoring nonexistent directory "/usr/bin/../arm-none-eabi/usr/local/include"
ignoring duplicate directory "/usr/bin/../lib/gcc/../../lib/gcc/arm-none-eabi/7.3.1/include-fixed"
ignoring duplicate directory "/usr/bin/../lib/gcc/../../lib/gcc/arm-none-eabi/7.3.1/../../../../arm-none-eabi/include"
ignoring nonexistent directory "/usr/bin/../arm-none-eabi/usr/include"
#include "..." search starts here:
#include <...> search starts here:
 /usr/bin/../lib/gcc/arm-none-eabi/7.3.1/include
 /usr/bin/../lib/gcc/arm-none-eabi/7.3.1/include-fixed
 /usr/bin/../lib/gcc/arm-none-eabi/7.3.1/../../../../arm-none-eabi/include
End of search list.
GNU C11 (GNU Tools for Arm Embedded Processors 7-2018-q3-update) version 7.3.1 20180622 (release) [ARM/embedded-7-branch revision 261907] (arm-none-eabi)
	compiled by GNU C version 7.3.0, GMP version 6.1.2, MPFR version 4.0.1, MPC version 1.1.0, isl version isl-0.18-GMP

GGC heuristics: --param ggc-min-expand=100 --param ggc-min-heapsize=131072
Compiler executable checksum: eab4a279575da7046b948b88e155bd6a
COLLECT_GCC_OPTIONS='-v' '-o' 'CMakeFiles/cmTC_ff909.dir/CMakeCCompilerABI.c.obj' '-c'
 /usr/bin/../lib/gcc/arm-none-eabi/7.3.1/../../../../arm-none-eabi/bin/as -v -meabi=5 -o CMakeFiles/cmTC_ff909.dir/CMakeCCompilerABI.c.obj /tmp/ccAK2HMa.s
GNU assembler version 2.30.0 (arm-none-eabi) using BFD version (GNU Tools for Arm Embedded Processors 7-2018-q3-update) 2.30.0.20180329
COMPILER_PATH=/usr/bin/../lib/gcc/arm-none-eabi/7.3.1/:/usr/bin/../lib/gcc/:/usr/bin/../lib/gcc/arm-none-eabi/7.3.1/../../../../arm-none-eabi/bin/
LIBRARY_PATH=/usr/bin/../lib/gcc/arm-none-eabi/7.3.1/:/usr/bin/../lib/gcc/:/usr/bin/../lib/gcc/arm-none-eabi/7.3.1/../../../../arm-none-eabi/lib/:/usr/bin/../arm-none-eabi/lib/
COLLECT_GCC_OPTIONS='-v' '-o' 'CMakeFiles/cmTC_ff909.dir/CMakeCCompilerABI.c.obj' '-c'
Linking C static library libcmTC_ff909.a
/snap/clion/137/bin/cmake/linux/bin/cmake -P CMakeFiles/cmTC_ff909.dir/cmake_clean_target.cmake
/snap/clion/137/bin/cmake/linux/bin/cmake -E cmake_link_script CMakeFiles/cmTC_ff909.dir/link.txt --verbose=1
arm-none-eabi-ar qc libcmTC_ff909.a  CMakeFiles/cmTC_ff909.dir/CMakeCCompilerABI.c.obj
/usr/bin/arm-none-eabi-ranlib libcmTC_ff909.a
make[1]: Leaving directory '/home/kalibri/STM32/projects/SnakeGame/cmake-build-debug/CMakeFiles/CMakeTmp'



Parsed C implicit include dir info from above output: rv=done
  found start of include info
  found start of implicit include info
    add: [/usr/bin/../lib/gcc/arm-none-eabi/7.3.1/include]
    add: [/usr/bin/../lib/gcc/arm-none-eabi/7.3.1/include-fixed]
    add: [/usr/bin/../lib/gcc/arm-none-eabi/7.3.1/../../../../arm-none-eabi/include]
  end of search list found
  collapse include dir [/usr/bin/../lib/gcc/arm-none-eabi/7.3.1/include] ==> [/usr/lib/gcc/arm-none-eabi/7.3.1/include]
  collapse include dir [/usr/bin/../lib/gcc/arm-none-eabi/7.3.1/include-fixed] ==> [/usr/lib/gcc/arm-none-eabi/7.3.1/include-fixed]
  collapse include dir [/usr/bin/../lib/gcc/arm-none-eabi/7.3.1/../../../../arm-none-eabi/include] ==> [/usr/arm-none-eabi/include]
  implicit include dirs: [/usr/lib/gcc/arm-none-eabi/7.3.1/include;/usr/lib/gcc/arm-none-eabi/7.3.1/include-fixed;/usr/arm-none-eabi/include]


Parsed C implicit link information from above output:
  link line regex: [^( *|.*[/\])(arm-none-eabi-ld|CMAKE_LINK_STARTFILE-NOTFOUND|([^/\]+-)?ld|collect2)[^/\]*( |$)]
  ignore line: [Change Dir: /home/kalibri/STM32/projects/SnakeGame/cmake-build-debug/CMakeFiles/CMakeTmp]
  ignore line: []
  ignore line: [Run Build Command(s):/usr/bin/make cmTC_ff909/fast && /usr/bin/make  -f CMakeFiles/cmTC_ff909.dir/build.make CMakeFiles/cmTC_ff909.dir/build]
  ignore line: [make[1]: Entering directory '/home/kalibri/STM32/projects/SnakeGame/cmake-build-debug/CMakeFiles/CMakeTmp']
  ignore line: [Building C object CMakeFiles/cmTC_ff909.dir/CMakeCCompilerABI.c.obj]
  ignore line: [/usr/bin/arm-none-eabi-gcc   -v -o CMakeFiles/cmTC_ff909.dir/CMakeCCompilerABI.c.obj   -c /snap/clion/137/bin/cmake/linux/share/cmake-3.17/Modules/CMakeCCompilerABI.c]
  ignore line: [Using built-in specs.]
  ignore line: [COLLECT_GCC=/usr/bin/arm-none-eabi-gcc]
  ignore line: [Target: arm-none-eabi]
  ignore line: [Configured with: /build/gcc-arm-none-eabi-2DWmz3/gcc-arm-none-eabi-7-2018q2/src/gcc/configure --target=arm-none-eabi --prefix=/build/gcc-arm-none-eabi-2DWmz3/gcc-arm-none-eabi-7-2018q2/install-native --libexecdir=/build/gcc-arm-none-eabi-2DWmz3/gcc-arm-none-eabi-7-2018q2/install-native/lib --infodir=/build/gcc-arm-none-eabi-2DWmz3/gcc-arm-none-eabi-7-2018q2/install-native/share/doc/gcc-arm-none-eabi/info --mandir=/build/gcc-arm-none-eabi-2DWmz3/gcc-arm-none-eabi-7-2018q2/install-native/share/doc/gcc-arm-none-eabi/man --htmldir=/build/gcc-arm-none-eabi-2DWmz3/gcc-arm-none-eabi-7-2018q2/install-native/share/doc/gcc-arm-none-eabi/html --pdfdir=/build/gcc-arm-none-eabi-2DWmz3/gcc-arm-none-eabi-7-2018q2/install-native/share/doc/gcc-arm-none-eabi/pdf --enable-languages=c,c++ --enable-plugins --disable-decimal-float --disable-libffi --disable-libgomp --disable-libmudflap --disable-libquadmath --disable-libssp --disable-libstdcxx-pch --disable-nls --disable-shared --disable-threads --disable-tls --with-gnu-as --with-gnu-ld --with-newlib --with-headers=yes --with-python-dir=share/gcc-arm-none-eabi --with-sysroot=/build/gcc-arm-none-eabi-2DWmz3/gcc-arm-none-eabi-7-2018q2/install-native/arm-none-eabi --with-host-libstdcxx='-static-libgcc -Wl,-Bstatic,-lstdc++,-Bdynamic -lm' --with-pkgversion='GNU Tools for Arm Embedded Processors 7-2018-q3-update' --with-multilib-list=rmprofile]
  ignore line: [Thread model: single]
  ignore line: [gcc version 7.3.1 20180622 (release) [ARM/embedded-7-branch revision 261907] (GNU Tools for Arm Embedded Processors 7-2018-q3-update) ]
  ignore line: [COLLECT_GCC_OPTIONS='-v' '-o' 'CMakeFiles/cmTC_ff909.dir/CMakeCCompilerABI.c.obj' '-c']
  ignore line: [ /usr/bin/../lib/gcc/arm-none-eabi/7.3.1/cc1 -quiet -v -iprefix /usr/bin/../lib/gcc/arm-none-eabi/7.3.1/ -isysroot /usr/bin/../arm-none-eabi -D__USES_INITFINI__ /snap/clion/137/bin/cmake/linux/share/cmake-3.17/Modules/CMakeCCompilerABI.c -quiet -dumpbase CMakeCCompilerABI.c -auxbase-strip CMakeFiles/cmTC_ff909.dir/CMakeCCompilerABI.c.obj -version -o /tmp/ccAK2HMa.s]
  ignore line: [GNU C11 (GNU Tools for Arm Embedded Processors 7-2018-q3-update) version 7.3.1 20180622 (release) [ARM/embedded-7-branch revision 261907] (arm-none-eabi)]
  ignore line: [	compiled by GNU C version 7.3.0  GMP version 6.1.2  MPFR version 4.0.1  MPC version 1.1.0  isl version isl-0.18-GMP]
  ignore line: []
  ignore line: [GGC heuristics: --param ggc-min-expand=100 --param ggc-min-heapsize=131072]
  ignore line: [ignoring duplicate directory "/usr/bin/../lib/gcc/../../lib/gcc/arm-none-eabi/7.3.1/include"]
  ignore line: [ignoring nonexistent directory "/usr/bin/../arm-none-eabi/usr/local/include"]
  ignore line: [ignoring duplicate directory "/usr/bin/../lib/gcc/../../lib/gcc/arm-none-eabi/7.3.1/include-fixed"]
  ignore line: [ignoring duplicate directory "/usr/bin/../lib/gcc/../../lib/gcc/arm-none-eabi/7.3.1/../../../../arm-none-eabi/include"]
  ignore line: [ignoring nonexistent directory "/usr/bin/../arm-none-eabi/usr/include"]
  ignore line: [#include "..." search starts here:]
  ignore line: [#include <...> search starts here:]
  ignore line: [ /usr/bin/../lib/gcc/arm-none-eabi/7.3.1/include]
  ignore line: [ /usr/bin/../lib/gcc/arm-none-eabi/7.3.1/include-fixed]
  ignore line: [ /usr/bin/../lib/gcc/arm-none-eabi/7.3.1/../../../../arm-none-eabi/include]
  ignore line: [End of search list.]
  ignore line: [GNU C11 (GNU Tools for Arm Embedded Processors 7-2018-q3-update) version 7.3.1 20180622 (release) [ARM/embedded-7-branch revision 261907] (arm-none-eabi)]
  ignore line: [	compiled by GNU C version 7.3.0  GMP version 6.1.2  MPFR version 4.0.1  MPC version 1.1.0  isl version isl-0.18-GMP]
  ignore line: []
  ignore line: [GGC heuristics: --param ggc-min-expand=100 --param ggc-min-heapsize=131072]
  ignore line: [Compiler executable checksum: eab4a279575da7046b948b88e155bd6a]
  ignore line: [COLLECT_GCC_OPTIONS='-v' '-o' 'CMakeFiles/cmTC_ff909.dir/CMakeCCompilerABI.c.obj' '-c']
  ignore line: [ /usr/bin/../lib/gcc/arm-none-eabi/7.3.1/../../../../arm-none-eabi/bin/as -v -meabi=5 -o CMakeFiles/cmTC_ff909.dir/CMakeCCompilerABI.c.obj /tmp/ccAK2HMa.s]
  ignore line: [GNU assembler version 2.30.0 (arm-none-eabi) using BFD version (GNU Tools for Arm Embedded Processors 7-2018-q3-update) 2.30.0.20180329]
  ignore line: [COMPILER_PATH=/usr/bin/../lib/gcc/arm-none-eabi/7.3.1/:/usr/bin/../lib/gcc/:/usr/bin/../lib/gcc/arm-none-eabi/7.3.1/../../../../arm-none-eabi/bin/]
  ignore line: [LIBRARY_PATH=/usr/bin/../lib/gcc/arm-none-eabi/7.3.1/:/usr/bin/../lib/gcc/:/usr/bin/../lib/gcc/arm-none-eabi/7.3.1/../../../../arm-none-eabi/lib/:/usr/bin/../arm-none-eabi/lib/]
  ignore line: [COLLECT_GCC_OPTIONS='-v' '-o' 'CMakeFiles/cmTC_ff909.dir/CMakeCCompilerABI.c.obj' '-c']
  ignore line: [Linking C static library libcmTC_ff909.a]
  ignore line: [/snap/clion/137/bin/cmake/linux/bin/cmake -P CMakeFiles/cmTC_ff909.dir/cmake_clean_target.cmake]
  ignore line: [/snap/clion/137/bin/cmake/linux/bin/cmake -E cmake_link_script CMakeFiles/cmTC_ff909.dir/link.txt --verbose=1]
  ignore line: [arm-none-eabi-ar qc libcmTC_ff909.a  CMakeFiles/cmTC_ff909.dir/CMakeCCompilerABI.c.obj]
  ignore line: [/usr/bin/arm-none-eabi-ranlib libcmTC_ff909.a]
  ignore line: [make[1]: Leaving directory '/home/kalibri/STM32/projects/SnakeGame/cmake-build-debug/CMakeFiles/CMakeTmp']
  ignore line: []
  ignore line: []
  implicit libs: []
  implicit dirs: []
  implicit fwks: []


Determining if the CXX compiler works passed with the following output:
Change Dir: /home/kalibri/STM32/projects/SnakeGame/cmake-build-debug/CMakeFiles/CMakeTmp

Run Build Command(s):/usr/bin/make cmTC_a238e/fast && /usr/bin/make  -f CMakeFiles/cmTC_a238e.dir/build.make CMakeFiles/cmTC_a238e.dir/build
make[1]: вход в каталог «/home/kalibri/STM32/projects/SnakeGame/cmake-build-debug/CMakeFiles/CMakeTmp»
Building CXX object CMakeFiles/cmTC_a238e.dir/testCXXCompiler.cxx.obj
/usr/bin/arm-none-eabi-g++     -o CMakeFiles/cmTC_a238e.dir/testCXXCompiler.cxx.obj -c /home/kalibri/STM32/projects/SnakeGame/cmake-build-debug/CMakeFiles/CMakeTmp/testCXXCompiler.cxx
Linking CXX static library libcmTC_a238e.a
/snap/clion/137/bin/cmake/linux/bin/cmake -P CMakeFiles/cmTC_a238e.dir/cmake_clean_target.cmake
/snap/clion/137/bin/cmake/linux/bin/cmake -E cmake_link_script CMakeFiles/cmTC_a238e.dir/link.txt --verbose=1
arm-none-eabi-ar qc libcmTC_a238e.a  CMakeFiles/cmTC_a238e.dir/testCXXCompiler.cxx.obj
/usr/bin/arm-none-eabi-ranlib libcmTC_a238e.a
make[1]: выход из каталога «/home/kalibri/STM32/projects/SnakeGame/cmake-build-debug/CMakeFiles/CMakeTmp»



Detecting CXX compiler ABI info compiled with the following output:
Change Dir: /home/kalibri/STM32/projects/SnakeGame/cmake-build-debug/CMakeFiles/CMakeTmp

Run Build Command(s):/usr/bin/make cmTC_32f3d/fast && /usr/bin/make  -f CMakeFiles/cmTC_32f3d.dir/build.make CMakeFiles/cmTC_32f3d.dir/build
make[1]: Entering directory '/home/kalibri/STM32/projects/SnakeGame/cmake-build-debug/CMakeFiles/CMakeTmp'
Building CXX object CMakeFiles/cmTC_32f3d.dir/CMakeCXXCompilerABI.cpp.obj
/usr/bin/arm-none-eabi-g++    -v -o CMakeFiles/cmTC_32f3d.dir/CMakeCXXCompilerABI.cpp.obj -c /snap/clion/137/bin/cmake/linux/share/cmake-3.17/Modules/CMakeCXXCompilerABI.cpp
Using built-in specs.
COLLECT_GCC=/usr/bin/arm-none-eabi-g++
Target: arm-none-eabi
Configured with: /build/gcc-arm-none-eabi-2DWmz3/gcc-arm-none-eabi-7-2018q2/src/gcc/configure --target=arm-none-eabi --prefix=/build/gcc-arm-none-eabi-2DWmz3/gcc-arm-none-eabi-7-2018q2/install-native --libexecdir=/build/gcc-arm-none-eabi-2DWmz3/gcc-arm-none-eabi-7-2018q2/install-native/lib --infodir=/build/gcc-arm-none-eabi-2DWmz3/gcc-arm-none-eabi-7-2018q2/install-native/share/doc/gcc-arm-none-eabi/info --mandir=/build/gcc-arm-none-eabi-2DWmz3/gcc-arm-none-eabi-7-2018q2/install-native/share/doc/gcc-arm-none-eabi/man --htmldir=/build/gcc-arm-none-eabi-2DWmz3/gcc-arm-none-eabi-7-2018q2/install-native/share/doc/gcc-arm-none-eabi/html --pdfdir=/build/gcc-arm-none-eabi-2DWmz3/gcc-arm-none-eabi-7-2018q2/install-native/share/doc/gcc-arm-none-eabi/pdf --enable-languages=c,c++ --enable-plugins --disable-decimal-float --disable-libffi --disable-libgomp --disable-libmudflap --disable-libquadmath --disable-libssp --disable-libstdcxx-pch --disable-nls --disable-shared --disable-threads --disable-tls --with-gnu-as --with-gnu-ld --with-newlib --with-headers=yes --with-python-dir=share/gcc-arm-none-eabi --with-sysroot=/build/gcc-arm-none-eabi-2DWmz3/gcc-arm-none-eabi-7-2018q2/install-native/arm-none-eabi --with-host-libstdcxx='-static-libgcc -Wl,-Bstatic,-lstdc++,-Bdynamic -lm' --with-pkgversion='GNU Tools for Arm Embedded Processors 7-2018-q3-update' --with-multilib-list=rmprofile
Thread model: single
gcc version 7.3.1 20180622 (release) [ARM/embedded-7-branch revision 261907] (GNU Tools for Arm Embedded Processors 7-2018-q3-update) 
COLLECT_GCC_OPTIONS='-v' '-o' 'CMakeFiles/cmTC_32f3d.dir/CMakeCXXCompilerABI.cpp.obj' '-c'
 /usr/bin/../lib/gcc/arm-none-eabi/7.3.1/cc1plus -quiet -v -iprefix /usr/bin/../lib/gcc/arm-none-eabi/7.3.1/ -isysroot /usr/bin/../arm-none-eabi -D__USES_INITFINI__ /snap/clion/137/bin/cmake/linux/share/cmake-3.17/Modules/CMakeCXXCompilerABI.cpp -quiet -dumpbase CMakeCXXCompilerABI.cpp -auxbase-strip CMakeFiles/cmTC_32f3d.dir/CMakeCXXCompilerABI.cpp.obj -version -o /tmp/cchQ2BVp.s
GNU C++14 (GNU Tools for Arm Embedded Processors 7-2018-q3-update) version 7.3.1 20180622 (release) [ARM/embedded-7-branch revision 261907] (arm-none-eabi)
	compiled by GNU C version 7.3.0, GMP version 6.1.2, MPFR version 4.0.1, MPC version 1.1.0, isl version isl-0.18-GMP

GGC heuristics: --param ggc-min-expand=100 --param ggc-min-heapsize=131072
ignoring duplicate directory "/usr/bin/../lib/gcc/../../lib/gcc/arm-none-eabi/7.3.1/../../../../arm-none-eabi/include/c++/7.3.1"
ignoring duplicate directory "/usr/bin/../lib/gcc/../../lib/gcc/arm-none-eabi/7.3.1/../../../../arm-none-eabi/include/c++/7.3.1/arm-none-eabi"
ignoring duplicate directory "/usr/bin/../lib/gcc/../../lib/gcc/arm-none-eabi/7.3.1/../../../../arm-none-eabi/include/c++/7.3.1/backward"
ignoring duplicate directory "/usr/bin/../lib/gcc/../../lib/gcc/arm-none-eabi/7.3.1/include"
ignoring nonexistent directory "/usr/bin/../arm-none-eabi/usr/local/include"
ignoring duplicate directory "/usr/bin/../lib/gcc/../../lib/gcc/arm-none-eabi/7.3.1/include-fixed"
ignoring duplicate directory "/usr/bin/../lib/gcc/../../lib/gcc/arm-none-eabi/7.3.1/../../../../arm-none-eabi/include"
ignoring nonexistent directory "/usr/bin/../arm-none-eabi/usr/include"
#include "..." search starts here:
#include <...> search starts here:
 /usr/bin/../lib/gcc/arm-none-eabi/7.3.1/../../../../arm-none-eabi/include/c++/7.3.1
 /usr/bin/../lib/gcc/arm-none-eabi/7.3.1/../../../../arm-none-eabi/include/c++/7.3.1/arm-none-eabi
 /usr/bin/../lib/gcc/arm-none-eabi/7.3.1/../../../../arm-none-eabi/include/c++/7.3.1/backward
 /usr/bin/../lib/gcc/arm-none-eabi/7.3.1/include
 /usr/bin/../lib/gcc/arm-none-eabi/7.3.1/include-fixed
 /usr/bin/../lib/gcc/arm-none-eabi/7.3.1/../../../../arm-none-eabi/include
End of search list.
GNU C++14 (GNU Tools for Arm Embedded Processors 7-2018-q3-update) version 7.3.1 20180622 (release) [ARM/embedded-7-branch revision 261907] (arm-none-eabi)
	compiled by GNU C version 7.3.0, GMP version 6.1.2, MPFR version 4.0.1, MPC version 1.1.0, isl version isl-0.18-GMP

GGC heuristics: --param ggc-min-expand=100 --param ggc-min-heapsize=131072
Compiler executable checksum: 5f92b2421e4565269a80964c359effe8
COLLECT_GCC_OPTIONS='-v' '-o' 'CMakeFiles/cmTC_32f3d.dir/CMakeCXXCompilerABI.cpp.obj' '-c'
 /usr/bin/../lib/gcc/arm-none-eabi/7.3.1/../../../../arm-none-eabi/bin/as -v -meabi=5 -o CMakeFiles/cmTC_32f3d.dir/CMakeCXXCompilerABI.cpp.obj /tmp/cchQ2BVp.s
GNU assembler version 2.30.0 (arm-none-eabi) using BFD version (GNU Tools for Arm Embedded Processors 7-2018-q3-update) 2.30.0.20180329
COMPILER_PATH=/usr/bin/../lib/gcc/arm-none-eabi/7.3.1/:/usr/bin/../lib/gcc/:/usr/bin/../lib/gcc/arm-none-eabi/7.3.1/../../../../arm-none-eabi/bin/
LIBRARY_PATH=/usr/bin/../lib/gcc/arm-none-eabi/7.3.1/:/usr/bin/../lib/gcc/:/usr/bin/../lib/gcc/arm-none-eabi/7.3.1/../../../../arm-none-eabi/lib/:/usr/bin/../arm-none-eabi/lib/
COLLECT_GCC_OPTIONS='-v' '-o' 'CMakeFiles/cmTC_32f3d.dir/CMakeCXXCompilerABI.cpp.obj' '-c'
Linking CXX static library libcmTC_32f3d.a
/snap/clion/137/bin/cmake/linux/bin/cmake -P CMakeFiles/cmTC_32f3d.dir/cmake_clean_target.cmake
/snap/clion/137/bin/cmake/linux/bin/cmake -E cmake_link_script CMakeFiles/cmTC_32f3d.dir/link.txt --verbose=1
arm-none-eabi-ar qc libcmTC_32f3d.a  CMakeFiles/cmTC_32f3d.dir/CMakeCXXCompilerABI.cpp.obj
/usr/bin/arm-none-eabi-ranlib libcmTC_32f3d.a
make[1]: Leaving directory '/home/kalibri/STM32/projects/SnakeGame/cmake-build-debug/CMakeFiles/CMakeTmp'



Parsed CXX implicit include dir info from above output: rv=done
  found start of include info
  found start of implicit include info
    add: [/usr/bin/../lib/gcc/arm-none-eabi/7.3.1/../../../../arm-none-eabi/include/c++/7.3.1]
    add: [/usr/bin/../lib/gcc/arm-none-eabi/7.3.1/../../../../arm-none-eabi/include/c++/7.3.1/arm-none-eabi]
    add: [/usr/bin/../lib/gcc/arm-none-eabi/7.3.1/../../../../arm-none-eabi/include/c++/7.3.1/backward]
    add: [/usr/bin/../lib/gcc/arm-none-eabi/7.3.1/include]
    add: [/usr/bin/../lib/gcc/arm-none-eabi/7.3.1/include-fixed]
    add: [/usr/bin/../lib/gcc/arm-none-eabi/7.3.1/../../../../arm-none-eabi/include]
  end of search list found
  collapse include dir [/usr/bin/../lib/gcc/arm-none-eabi/7.3.1/../../../../arm-none-eabi/include/c++/7.3.1] ==> [/usr/arm-none-eabi/include/c++/7.3.1]
  collapse include dir [/usr/bin/../lib/gcc/arm-none-eabi/7.3.1/../../../../arm-none-eabi/include/c++/7.3.1/arm-none-eabi] ==> [/usr/arm-none-eabi/include/c++/7.3.1/arm-none-eabi]
  collapse include dir [/usr/bin/../lib/gcc/arm-none-eabi/7.3.1/../../../../arm-none-eabi/include/c++/7.3.1/backward] ==> [/usr/arm-none-eabi/include/c++/7.3.1/backward]
  collapse include dir [/usr/bin/../lib/gcc/arm-none-eabi/7.3.1/include] ==> [/usr/lib/gcc/arm-none-eabi/7.3.1/include]
  collapse include dir [/usr/bin/../lib/gcc/arm-none-eabi/7.3.1/include-fixed] ==> [/usr/lib/gcc/arm-none-eabi/7.3.1/include-fixed]
  collapse include dir [/usr/bin/../lib/gcc/arm-none-eabi/7.3.1/../../../../arm-none-eabi/include] ==> [/usr/arm-none-eabi/include]
  implicit include dirs: [/usr/arm-none-eabi/include/c++/7.3.1;/usr/arm-none-eabi/include/c++/7.3.1/arm-none-eabi;/usr/arm-none-eabi/include/c++/7.3.1/backward;/usr/lib/gcc/arm-none-eabi/7.3.1/include;/usr/lib/gcc/arm-none-eabi/7.3.1/include-fixed;/usr/arm-none-eabi/include]


Parsed CXX implicit link information from above output:
  link line regex: [^( *|.*[/\])(arm-none-eabi-ld|CMAKE_LINK_STARTFILE-NOTFOUND|([^/\]+-)?ld|collect2)[^/\]*( |$)]
  ignore line: [Change Dir: /home/kalibri/STM32/projects/SnakeGame/cmake-build-debug/CMakeFiles/CMakeTmp]
  ignore line: []
  ignore line: [Run Build Command(s):/usr/bin/make cmTC_32f3d/fast && /usr/bin/make  -f CMakeFiles/cmTC_32f3d.dir/build.make CMakeFiles/cmTC_32f3d.dir/build]
  ignore line: [make[1]: Entering directory '/home/kalibri/STM32/projects/SnakeGame/cmake-build-debug/CMakeFiles/CMakeTmp']
  ignore line: [Building CXX object CMakeFiles/cmTC_32f3d.dir/CMakeCXXCompilerABI.cpp.obj]
  ignore line: [/usr/bin/arm-none-eabi-g++    -v -o CMakeFiles/cmTC_32f3d.dir/CMakeCXXCompilerABI.cpp.obj -c /snap/clion/137/bin/cmake/linux/share/cmake-3.17/Modules/CMakeCXXCompilerABI.cpp]
  ignore line: [Using built-in specs.]
  ignore line: [COLLECT_GCC=/usr/bin/arm-none-eabi-g++]
  ignore line: [Target: arm-none-eabi]
  ignore line: [Configured with: /build/gcc-arm-none-eabi-2DWmz3/gcc-arm-none-eabi-7-2018q2/src/gcc/configure --target=arm-none-eabi --prefix=/build/gcc-arm-none-eabi-2DWmz3/gcc-arm-none-eabi-7-2018q2/install-native --libexecdir=/build/gcc-arm-none-eabi-2DWmz3/gcc-arm-none-eabi-7-2018q2/install-native/lib --infodir=/build/gcc-arm-none-eabi-2DWmz3/gcc-arm-none-eabi-7-2018q2/install-native/share/doc/gcc-arm-none-eabi/info --mandir=/build/gcc-arm-none-eabi-2DWmz3/gcc-arm-none-eabi-7-2018q2/install-native/share/doc/gcc-arm-none-eabi/man --htmldir=/build/gcc-arm-none-eabi-2DWmz3/gcc-arm-none-eabi-7-2018q2/install-native/share/doc/gcc-arm-none-eabi/html --pdfdir=/build/gcc-arm-none-eabi-2DWmz3/gcc-arm-none-eabi-7-2018q2/install-native/share/doc/gcc-arm-none-eabi/pdf --enable-languages=c,c++ --enable-plugins --disable-decimal-float --disable-libffi --disable-libgomp --disable-libmudflap --disable-libquadmath --disable-libssp --disable-libstdcxx-pch --disable-nls --disable-shared --disable-threads --disable-tls --with-gnu-as --with-gnu-ld --with-newlib --with-headers=yes --with-python-dir=share/gcc-arm-none-eabi --with-sysroot=/build/gcc-arm-none-eabi-2DWmz3/gcc-arm-none-eabi-7-2018q2/install-native/arm-none-eabi --with-host-libstdcxx='-static-libgcc -Wl,-Bstatic,-lstdc++,-Bdynamic -lm' --with-pkgversion='GNU Tools for Arm Embedded Processors 7-2018-q3-update' --with-multilib-list=rmprofile]
  ignore line: [Thread model: single]
  ignore line: [gcc version 7.3.1 20180622 (release) [ARM/embedded-7-branch revision 261907] (GNU Tools for Arm Embedded Processors 7-2018-q3-update) ]
  ignore line: [COLLECT_GCC_OPTIONS='-v' '-o' 'CMakeFiles/cmTC_32f3d.dir/CMakeCXXCompilerABI.cpp.obj' '-c']
  ignore line: [ /usr/bin/../lib/gcc/arm-none-eabi/7.3.1/cc1plus -quiet -v -iprefix /usr/bin/../lib/gcc/arm-none-eabi/7.3.1/ -isysroot /usr/bin/../arm-none-eabi -D__USES_INITFINI__ /snap/clion/137/bin/cmake/linux/share/cmake-3.17/Modules/CMakeCXXCompilerABI.cpp -quiet -dumpbase CMakeCXXCompilerABI.cpp -auxbase-strip CMakeFiles/cmTC_32f3d.dir/CMakeCXXCompilerABI.cpp.obj -version -o /tmp/cchQ2BVp.s]
  ignore line: [GNU C++14 (GNU Tools for Arm Embedded Processors 7-2018-q3-update) version 7.3.1 20180622 (release) [ARM/embedded-7-branch revision 261907] (arm-none-eabi)]
  ignore line: [	compiled by GNU C version 7.3.0  GMP version 6.1.2  MPFR version 4.0.1  MPC version 1.1.0  isl version isl-0.18-GMP]
  ignore line: []
  ignore line: [GGC heuristics: --param ggc-min-expand=100 --param ggc-min-heapsize=131072]
  ignore line: [ignoring duplicate directory "/usr/bin/../lib/gcc/../../lib/gcc/arm-none-eabi/7.3.1/../../../../arm-none-eabi/include/c++/7.3.1"]
  ignore line: [ignoring duplicate directory "/usr/bin/../lib/gcc/../../lib/gcc/arm-none-eabi/7.3.1/../../../../arm-none-eabi/include/c++/7.3.1/arm-none-eabi"]
  ignore line: [ignoring duplicate directory "/usr/bin/../lib/gcc/../../lib/gcc/arm-none-eabi/7.3.1/../../../../arm-none-eabi/include/c++/7.3.1/backward"]
  ignore line: [ignoring duplicate directory "/usr/bin/../lib/gcc/../../lib/gcc/arm-none-eabi/7.3.1/include"]
  ignore line: [ignoring nonexistent directory "/usr/bin/../arm-none-eabi/usr/local/include"]
  ignore line: [ignoring duplicate directory "/usr/bin/../lib/gcc/../../lib/gcc/arm-none-eabi/7.3.1/include-fixed"]
  ignore line: [ignoring duplicate directory "/usr/bin/../lib/gcc/../../lib/gcc/arm-none-eabi/7.3.1/../../../../arm-none-eabi/include"]
  ignore line: [ignoring nonexistent directory "/usr/bin/../arm-none-eabi/usr/include"]
  ignore line: [#include "..." search starts here:]
  ignore line: [#include <...> search starts here:]
  ignore line: [ /usr/bin/../lib/gcc/arm-none-eabi/7.3.1/../../../../arm-none-eabi/include/c++/7.3.1]
  ignore line: [ /usr/bin/../lib/gcc/arm-none-eabi/7.3.1/../../../../arm-none-eabi/include/c++/7.3.1/arm-none-eabi]
  ignore line: [ /usr/bin/../lib/gcc/arm-none-eabi/7.3.1/../../../../arm-none-eabi/include/c++/7.3.1/backward]
  ignore line: [ /usr/bin/../lib/gcc/arm-none-eabi/7.3.1/include]
  ignore line: [ /usr/bin/../lib/gcc/arm-none-eabi/7.3.1/include-fixed]
  ignore line: [ /usr/bin/../lib/gcc/arm-none-eabi/7.3.1/../../../../arm-none-eabi/include]
  ignore line: [End of search list.]
  ignore line: [GNU C++14 (GNU Tools for Arm Embedded Processors 7-2018-q3-update) version 7.3.1 20180622 (release) [ARM/embedded-7-branch revision 261907] (arm-none-eabi)]
  ignore line: [	compiled by GNU C version 7.3.0  GMP version 6.1.2  MPFR version 4.0.1  MPC version 1.1.0  isl version isl-0.18-GMP]
  ignore line: []
  ignore line: [GGC heuristics: --param ggc-min-expand=100 --param ggc-min-heapsize=131072]
  ignore line: [Compiler executable checksum: 5f92b2421e4565269a80964c359effe8]
  ignore line: [COLLECT_GCC_OPTIONS='-v' '-o' 'CMakeFiles/cmTC_32f3d.dir/CMakeCXXCompilerABI.cpp.obj' '-c']
  ignore line: [ /usr/bin/../lib/gcc/arm-none-eabi/7.3.1/../../../../arm-none-eabi/bin/as -v -meabi=5 -o CMakeFiles/cmTC_32f3d.dir/CMakeCXXCompilerABI.cpp.obj /tmp/cchQ2BVp.s]
  ignore line: [GNU assembler version 2.30.0 (arm-none-eabi) using BFD version (GNU Tools for Arm Embedded Processors 7-2018-q3-update) 2.30.0.20180329]
  ignore line: [COMPILER_PATH=/usr/bin/../lib/gcc/arm-none-eabi/7.3.1/:/usr/bin/../lib/gcc/:/usr/bin/../lib/gcc/arm-none-eabi/7.3.1/../../../../arm-none-eabi/bin/]
  ignore line: [LIBRARY_PATH=/usr/bin/../lib/gcc/arm-none-eabi/7.3.1/:/usr/bin/../lib/gcc/:/usr/bin/../lib/gcc/arm-none-eabi/7.3.1/../../../../arm-none-eabi/lib/:/usr/bin/../arm-none-eabi/lib/]
  ignore line: [COLLECT_GCC_OPTIONS='-v' '-o' 'CMakeFiles/cmTC_32f3d.dir/CMakeCXXCompilerABI.cpp.obj' '-c']
  ignore line: [Linking CXX static library libcmTC_32f3d.a]
  ignore line: [/snap/clion/137/bin/cmake/linux/bin/cmake -P CMakeFiles/cmTC_32f3d.dir/cmake_clean_target.cmake]
  ignore line: [/snap/clion/137/bin/cmake/linux/bin/cmake -E cmake_link_script CMakeFiles/cmTC_32f3d.dir/link.txt --verbose=1]
  ignore line: [arm-none-eabi-ar qc libcmTC_32f3d.a  CMakeFiles/cmTC_32f3d.dir/CMakeCXXCompilerABI.cpp.obj]
  ignore line: [/usr/bin/arm-none-eabi-ranlib libcmTC_32f3d.a]
  ignore line: [make[1]: Leaving directory '/home/kalibri/STM32/projects/SnakeGame/cmake-build-debug/CMakeFiles/CMakeTmp']
  ignore line: []
  ignore line: []
  implicit libs: []
  implicit dirs: []
  implicit fwks: []


